Arguments: 
  /usr/local/bin/node /usr/local/Cellar/yarn/1.15.2/libexec/bin/yarn.js add body-parser,

PATH: 
  /usr/local/sbin:/Users/qritarea/.pyenv/shims:/Users/qritarea/.pyenv/bin:/Users/qritarea/.rbenv/shims:~/.rbenv/shims:/usr/local/bin:/usr/local/opt/mysql@5.6/bin:/usr/local/bin:/usr/local/bin:/usr/bin:/bin:/usr/sbin:/sbin:/usr/local/go/bin:/usr/local/sbin:/Users/qritarea/anaconda3/condabin:/Users/qritarea/.pyenv/shims:/Users/qritarea/.pyenv/bin:/Users/qritarea/.rbenv/shims:~/.rbenv/shims:/usr/local/opt/mysql@5.6/bin

Yarn version: 
  1.15.2

Node version: 
  10.13.0

Platform: 
  darwin x64

Trace: 
  Error: https://registry.yarnpkg.com/body-parser,: Not found
      at Request.params.callback [as _callback] (/usr/local/Cellar/yarn/1.15.2/libexec/lib/cli.js:66058:18)
      at Request.self.callback (/usr/local/Cellar/yarn/1.15.2/libexec/lib/cli.js:129541:22)
      at Request.emit (events.js:182:13)
      at Request.<anonymous> (/usr/local/Cellar/yarn/1.15.2/libexec/lib/cli.js:130513:10)
      at Request.emit (events.js:182:13)
      at IncomingMessage.<anonymous> (/usr/local/Cellar/yarn/1.15.2/libexec/lib/cli.js:130435:12)
      at Object.onceWrapper (events.js:273:13)
      at IncomingMessage.emit (events.js:187:15)
      at endReadableNT (_stream_readable.js:1094:12)
      at process._tickCallback (internal/process/next_tick.js:63:19)

npm manifest: 
  {
    "name": "chaty_v2-server",
    "version": "1.0.0",
    "main": "index.js",
    "license": "MIT",
    "dependencies": {
      "bcryptjs": "^2.4.3"
    }
  }

yarn manifest: 
  No manifest

Lockfile: 
  # THIS IS AN AUTOGENERATED FILE. DO NOT EDIT THIS FILE DIRECTLY.
  # yarn lockfile v1
  
  
  bcryptjs@^2.4.3:
    version "2.4.3"
    resolved "https://registry.yarnpkg.com/bcryptjs/-/bcryptjs-2.4.3.tgz#9ab5627b93e60621ff7cdac5da9733027df1d0cb"
    integrity sha1-mrVie5PmBiH/fNrF2pczAn3x0Ms=
